<?xml version="1.0" encoding="UTF-8"?>
<!-- Generated by org.testng.reporters.JUnitReportReporter -->
<testsuite hostname="Shivam-Sharma" failures="0" tests="2" name="testMethods.TestAnnotations" time="0.023" errors="0" timestamp="2024-10-01T21:15:28 IST" skipped="0">
  <testcase classname="testMethods.TestAnnotations" name="Test2" time="0.007"/>
  <testcase classname="testMethods.TestAnnotations" name="Test" time="0.016"/>
</testsuite> <!-- testMethods.TestAnnotations -->
