<?xml version="1.0" encoding="UTF-8"?>
<!-- Generated by org.testng.reporters.JUnitReportReporter -->
<testsuite hostname="Shivam-Sharma" failures="0" tests="1" name="listnersInJava.WebTest" time="1.132" errors="0" timestamp="2024-10-09T14:30:23 IST" skipped="0">
  <testcase classname="listnersInJava.WebTest" name="login" time="1.132"/>
</testsuite> <!-- listnersInJava.WebTest -->
