<?xml version="1.0" encoding="UTF-8"?>
<!-- Generated by org.testng.reporters.JUnitReportReporter -->
<testsuite hostname="Shivam-Sharma" failures="0" tests="4" name="dataDrivenTesting.DataProviderInTestNg" time="5.785" errors="0" timestamp="2024-10-12T15:20:05 IST" skipped="0">
  <testcase classname="dataDrivenTesting.DataProviderInTestNg" name="login" time="1.366"/>
  <testcase classname="dataDrivenTesting.DataProviderInTestNg" name="login" time="1.320"/>
  <testcase classname="dataDrivenTesting.DataProviderInTestNg" name="login" time="1.450"/>
  <testcase classname="dataDrivenTesting.DataProviderInTestNg" name="login" time="1.649"/>
</testsuite> <!-- dataDrivenTesting.DataProviderInTestNg -->
