<?xml version="1.0" encoding="UTF-8"?>
<!-- Generated by org.testng.reporters.JUnitReportReporter -->
<testsuite hostname="Shivam-Sharma" failures="0" tests="3" name="parlelTesingJava.ParallelTest" time="4.849" errors="0" timestamp="2024-10-08T23:05:19 IST" skipped="0">
  <testcase classname="parlelTesingJava.ParallelTest" name="login" time="0.782"/>
  <testcase classname="parlelTesingJava.ParallelTest" name="login" time="1.889"/>
  <testcase classname="parlelTesingJava.ParallelTest" name="login" time="2.178"/>
</testsuite> <!-- parlelTesingJava.ParallelTest -->
