<?xml version="1.0" encoding="UTF-8"?>
<!-- Generated by org.testng.reporters.JUnitReportReporter -->
<testsuite hostname="Shivam-Sharma" failures="0" tests="15" name="testMethods.PENDING" time="132.523" errors="0" timestamp="2024-10-04T21:28:46 IST" skipped="0">
  <testcase classname="testMethods.PENDING" name="test" time="9.407"/>
  <testcase classname="testMethods.PENDING" name="test" time="8.501"/>
  <testcase classname="testMethods.PENDING" name="test" time="9.399"/>
  <testcase classname="testMethods.PENDING" name="test" time="8.238"/>
  <testcase classname="testMethods.PENDING" name="test" time="10.623"/>
  <testcase classname="testMethods.PENDING" name="test" time="8.762"/>
  <testcase classname="testMethods.PENDING" name="test" time="6.880"/>
  <testcase classname="testMethods.PENDING" name="test" time="9.270"/>
  <testcase classname="testMethods.PENDING" name="test" time="9.010"/>
  <testcase classname="testMethods.PENDING" name="test" time="9.370"/>
  <testcase classname="testMethods.PENDING" name="test" time="8.923"/>
  <testcase classname="testMethods.PENDING" name="test" time="8.567"/>
  <testcase classname="testMethods.PENDING" name="test" time="8.597"/>
  <testcase classname="testMethods.PENDING" name="test" time="6.418"/>
  <testcase classname="testMethods.PENDING" name="test" time="10.558"/>
</testsuite> <!-- testMethods.PENDING -->
