<?xml version="1.0" encoding="UTF-8"?>
<!-- Generated by org.testng.reporters.JUnitReportReporter -->
<testsuite hostname="Shivam-Sharma" failures="0" tests="3" name="dataDrivenTestingInTestNG.DataProviderInTestNg" time="4.309" errors="0" timestamp="2024-10-12T15:31:16 IST" skipped="0">
  <testcase classname="dataDrivenTestingInTestNG.DataProviderInTestNg" name="login" time="1.380"/>
  <testcase classname="dataDrivenTestingInTestNG.DataProviderInTestNg" name="login" time="1.210"/>
  <testcase classname="dataDrivenTestingInTestNG.DataProviderInTestNg" name="login" time="1.719"/>
</testsuite> <!-- dataDrivenTestingInTestNG.DataProviderInTestNg -->
