<?xml version="1.0" encoding="UTF-8"?>
<!-- Generated by org.testng.reporters.JUnitReportReporter -->
<testsuite hostname="Shivam-Sharma" failures="0" tests="1" name="dataDrivenTestingInTestNG.Excel" time="2.356" errors="0" timestamp="2024-10-12T14:42:08 IST" skipped="0">
  <testcase classname="dataDrivenTestingInTestNG.Excel" name="dataReader" time="2.356"/>
</testsuite> <!-- dataDrivenTestingInTestNG.Excel -->
