<?xml version="1.0" encoding="UTF-8"?>
<!-- Generated by org.testng.reporters.JUnitReportReporter -->
<testsuite hostname="Shivam-Sharma" failures="0" tests="3" name="asserttionsinTestNG.AssertionValidation" time="41.980" errors="0" timestamp="2024-10-03T23:16:57 IST" skipped="0">
  <testcase classname="asserttionsinTestNG.AssertionValidation" name="setup" time="41.444"/>
  <testcase classname="asserttionsinTestNG.AssertionValidation" name="validate" time="0.084"/>
  <testcase classname="asserttionsinTestNG.AssertionValidation" name="tearDown" time="0.452"/>
</testsuite> <!-- asserttionsinTestNG.AssertionValidation -->
