<?xml version="1.0" encoding="UTF-8"?>
<!-- Generated by org.testng.reporters.JUnitReportReporter -->
<testsuite hostname="Shivam-Sharma" failures="0" tests="1" name="testMethods.TestHerarchy" time="0.015" errors="0" timestamp="2024-10-01T20:12:09 IST" skipped="0">
  <testcase classname="testMethods.TestHerarchy" name="test" time="0.015"/>
</testsuite> <!-- testMethods.TestHerarchy -->
