<?xml version="1.0" encoding="UTF-8"?>
<!-- Generated by org.testng.reporters.JUnitReportReporter -->
<testsuite hostname="Shivam-Sharma" failures="0" tests="5" name="grouping.GroupingMethodsInJava" time="0.028" errors="0" timestamp="2024-10-03T22:36:53 IST" skipped="0">
  <testcase classname="grouping.GroupingMethodsInJava" name="Test4" time="0.003"/>
  <testcase classname="grouping.GroupingMethodsInJava" name="Test3" time="0.006"/>
  <testcase classname="grouping.GroupingMethodsInJava" name="Test2" time="0.012"/>
  <testcase classname="grouping.GroupingMethodsInJava" name="test1" time="0.004"/>
  <testcase classname="grouping.GroupingMethodsInJava" name="test" time="0.003"/>
</testsuite> <!-- grouping.GroupingMethodsInJava -->
